\BOOKMARK [1][-]{section.1}{Introduction}{}% 1
\BOOKMARK [2][-]{subsection.1.1}{Lexique}{section.1}% 2
\BOOKMARK [2][-]{subsection.1.2}{Travail r\351alis\351}{section.1}% 3
\BOOKMARK [1][-]{section.2}{Conception du jeu}{}% 4
\BOOKMARK [2][-]{subsection.2.1}{Projet original}{section.2}% 5
\BOOKMARK [2][-]{subsection.2.2}{R\351sultat final}{section.2}% 6
\BOOKMARK [2][-]{subsection.2.3}{Adaptation}{section.2}% 7
\BOOKMARK [1][-]{section.3}{D\351roulement du jeu}{}% 8
\BOOKMARK [1][-]{section.4}{Fonctionement du code}{}% 9
\BOOKMARK [2][-]{subsection.4.1}{Balayage du code}{section.4}% 10
\BOOKMARK [2][-]{subsection.4.2}{En r\351sum\351}{section.4}% 11
\BOOKMARK [1][-]{section.5}{Conception des assets}{}% 12
\BOOKMARK [2][-]{subsection.5.1}{Visuel}{section.5}% 13
\BOOKMARK [3][-]{subsubsection.5.1.1}{Police personnalis\351e}{subsection.5.1}% 14
\BOOKMARK [3][-]{subsubsection.5.1.2}{Sprites de dialogues}{subsection.5.1}% 15
\BOOKMARK [3][-]{subsubsection.5.1.3}{Sprites d'overworld}{subsection.5.1}% 16
\BOOKMARK [3][-]{subsubsection.5.1.4}{Tilesets}{subsection.5.1}% 17
\BOOKMARK [2][-]{subsection.5.2}{Musique}{section.5}% 18
\BOOKMARK [2][-]{subsection.5.3}{En r\351sum\351}{section.5}% 19
\BOOKMARK [1][-]{section.6}{Conclusion}{}% 20
\BOOKMARK [2][-]{subsection.6.1}{Nina Ionescu ou l'optimisme}{section.6}% 21
\BOOKMARK [2][-]{subsection.6.2}{Exp\351rience gagn\351e}{section.6}% 22
\BOOKMARK [2][-]{subsection.6.3}{Continuation du projet}{section.6}% 23
\BOOKMARK [1][-]{section*.6}{Annexes}{}% 24
\BOOKMARK [1][-]{Annexe.1.A}{Images}{}% 25
\BOOKMARK [2][-]{subsection.1.A.1}{Syst\350me g\351n\351ral}{Annexe.1.A}% 26
\BOOKMARK [2][-]{subsection.1.A.2}{Gestion des states du jeu}{Annexe.1.A}% 27
\BOOKMARK [3][-]{subsubsection.1.A.2.1}{Boot et Preload}{subsection.1.A.2}% 28
\BOOKMARK [3][-]{subsubsection.1.A.2.2}{Menu Principal}{subsection.1.A.2}% 29
\BOOKMARK [3][-]{subsubsection.1.A.2.3}{Game}{subsection.1.A.2}% 30
\BOOKMARK [3][-]{subsubsection.1.A.2.4}{Battle}{subsection.1.A.2}% 31
\BOOKMARK [3][-]{subsubsection.1.A.2.5}{Transition avec texte}{subsection.1.A.2}% 32
\BOOKMARK [2][-]{subsection.1.A.3}{Joueur}{Annexe.1.A}% 33
\BOOKMARK [2][-]{subsection.1.A.4}{Les pnjs}{Annexe.1.A}% 34
\BOOKMARK [3][-]{subsubsection.1.A.4.1}{Personnages normaux : La classe Pnj}{subsection.1.A.4}% 35
\BOOKMARK [3][-]{subsubsection.1.A.4.2}{Ennemis : La classe Ennemy}{subsection.1.A.4}% 36
\BOOKMARK [2][-]{subsection.1.A.5}{Les bulles : La classe Bubble}{Annexe.1.A}% 37
\BOOKMARK [2][-]{subsection.1.A.6}{Les attaques : La classe Attaque}{Annexe.1.A}% 38
\BOOKMARK [2][-]{subsection.1.A.7}{Les barres de vie: La classe Healthbar}{Annexe.1.A}% 39
\BOOKMARK [2][-]{subsection.1.A.8}{Les objets de terrain : Les classes CustomMap et Warp}{Annexe.1.A}% 40
\BOOKMARK [2][-]{subsection.1.A.9}{Gestion des dialogues : La classe dialogManager}{Annexe.1.A}% 41
\BOOKMARK [3][-]{subsubsection.1.A.9.1}{m\351thode start\(\)}{subsection.1.A.9}% 42
\BOOKMARK [3][-]{subsubsection.1.A.9.2}{m\351thode displayText\(\)}{subsection.1.A.9}% 43
\BOOKMARK [3][-]{subsubsection.1.A.9.3}{m\351thode wait\(\)}{subsection.1.A.9}% 44
\BOOKMARK [3][-]{subsubsection.1.A.9.4}{m\351thode resume\(\)}{subsection.1.A.9}% 45
\BOOKMARK [3][-]{subsubsection.1.A.9.5}{m\351thode question\(\)}{subsection.1.A.9}% 46
\BOOKMARK [3][-]{subsubsection.1.A.9.6}{m\351thode selection\(\)}{subsection.1.A.9}% 47
\BOOKMARK [3][-]{subsubsection.1.A.9.7}{m\351thode stop\(\)}{subsection.1.A.9}% 48
\BOOKMARK [3][-]{subsubsection.1.A.9.8}{Texte automatique : Les m\351thodes startDialog\(pnj\), startBattleDesc\(text,battleDesc\) et desc\(text\)}{subsection.1.A.9}% 49
\BOOKMARK [3][-]{subsubsection.1.A.9.9}{m\351thode endBattleScreen\(\)}{subsection.1.A.9}% 50
\BOOKMARK [2][-]{subsection.1.A.10}{Gestion du terrain : La classe TerrainManager}{Annexe.1.A}% 51
\BOOKMARK [3][-]{subsubsection.1.A.10.1}{m\351thode initMap\(\)}{subsection.1.A.10}% 52
\BOOKMARK [3][-]{subsubsection.1.A.10.2}{m\351thode clearMap\(\)}{subsection.1.A.10}% 53
\BOOKMARK [3][-]{subsubsection.1.A.10.3}{m\351thode changeMap\(\)}{subsection.1.A.10}% 54
\BOOKMARK [3][-]{subsubsection.1.A.10.4}{m\351thode update\(\)}{subsection.1.A.10}% 55
